#! /usr/bin/vvp
:ivl_version "11.0 (stable)";
:ivl_delay_selection "TYPICAL";
:vpi_time_precision - 9;
:vpi_module "/usr/lib/x86_64-linux-gnu/ivl/system.vpi";
:vpi_module "/usr/lib/x86_64-linux-gnu/ivl/vhdl_sys.vpi";
:vpi_module "/usr/lib/x86_64-linux-gnu/ivl/vhdl_textio.vpi";
:vpi_module "/usr/lib/x86_64-linux-gnu/ivl/v2005_math.vpi";
:vpi_module "/usr/lib/x86_64-linux-gnu/ivl/va_math.vpi";
S_0x55e83f383240 .scope module, "check_divisibility_tb" "check_divisibility_tb" 2 3;
 .timescale -9 -9;
P_0x55e83f3833d0 .param/l "DATA_W" 0 2 5, +C4<00000000000000000000000000001000>;
v0x55e83f39d730_0 .var "data", 7 0;
v0x55e83f39d7f0_0 .net "divisibility", 0 0, v0x55e83f39d070_0;  1 drivers
S_0x55e83f339cf0 .scope module, "test_module" "check_divisibility" 2 9, 3 1 0, S_0x55e83f383240;
 .timescale -9 -9;
    .port_info 0 /INPUT 8 "data";
    .port_info 1 /OUTPUT 1 "divisibility";
P_0x55e83f339ed0 .param/l "DATA_W" 0 3 2, +C4<00000000000000000000000000001000>;
v0x55e83f3674a0_0 .net "data", 7 0, v0x55e83f39d730_0;  1 drivers
v0x55e83f39d070_0 .var "divisibility", 0 0;
v0x55e83f39d130_0 .var/i "even_count", 31 0;
v0x55e83f39d220_0 .var/i "i", 31 0;
v0x55e83f39d300_0 .var/i "inverted_sum", 31 0;
v0x55e83f39d430_0 .var/i "odd_count", 31 0;
v0x55e83f39d510_0 .var/i "sum_even", 31 0;
v0x55e83f39d5f0_0 .var/i "sum_odd", 31 0;
E_0x55e83f37dfb0/0 .event edge, v0x55e83f39d510_0, v0x55e83f3674a0_0, v0x55e83f39d130_0, v0x55e83f39d5f0_0;
E_0x55e83f37dfb0/1 .event edge, v0x55e83f39d430_0, v0x55e83f39d300_0;
E_0x55e83f37dfb0 .event/or E_0x55e83f37dfb0/0, E_0x55e83f37dfb0/1;
S_0x55e83f383470 .scope module, "memory_tb" "memory_tb" 4 3;
 .timescale -9 -9;
P_0x55e83f383600 .param/l "ADDR_SIZE" 1 4 7, +C4<00000000000000000000000000000011>;
P_0x55e83f383640 .param/l "DATA_W" 0 4 6, +C4<00000000000000000000000000001010>;
P_0x55e83f383680 .param/l "MEM_SIZE" 0 4 5, +C4<00000000000000000000000000000110>;
v0x55e83f39e5a0_0 .var "addr_r", 2 0;
v0x55e83f39e680_0 .var "addr_w", 2 0;
v0x55e83f39e750_0 .var "clk", 0 0;
v0x55e83f39e850_0 .var "data_in", 9 0;
v0x55e83f39e920_0 .net "data_out", 9 0, v0x55e83f39e150_0;  1 drivers
v0x55e83f39ea10_0 .var "read_flag", 0 0;
v0x55e83f39eae0_0 .var "write_flag", 0 0;
S_0x55e83f39d8c0 .scope module, "test_module" "memory" 4 17, 5 1 0, S_0x55e83f383470;
 .timescale 0 0;
    .port_info 0 /INPUT 1 "clk";
    .port_info 1 /INPUT 1 "write_flag";
    .port_info 2 /INPUT 10 "data_in";
    .port_info 3 /INPUT 3 "addr_w";
    .port_info 4 /INPUT 1 "read_flag";
    .port_info 5 /INPUT 3 "addr_r";
    .port_info 6 /OUTPUT 10 "data_out";
P_0x55e83f39daa0 .param/l "ADDR_SIZE" 0 5 4, +C4<00000000000000000000000000000011>;
P_0x55e83f39dae0 .param/l "DATA_W" 0 5 3, +C4<00000000000000000000000000001010>;
P_0x55e83f39db20 .param/l "MEM_SIZE" 0 5 2, +C4<00000000000000000000000000000110>;
v0x55e83f39ddc0_0 .net "addr_r", 2 0, v0x55e83f39e5a0_0;  1 drivers
v0x55e83f39dec0_0 .net "addr_w", 2 0, v0x55e83f39e680_0;  1 drivers
v0x55e83f39dfa0_0 .net "clk", 0 0, v0x55e83f39e750_0;  1 drivers
v0x55e83f39e070_0 .net "data_in", 9 0, v0x55e83f39e850_0;  1 drivers
v0x55e83f39e150_0 .var "data_out", 9 0;
v0x55e83f39e280 .array "memory", 0 5, 9 0;
v0x55e83f39e340_0 .net "read_flag", 0 0, v0x55e83f39ea10_0;  1 drivers
v0x55e83f39e400_0 .net "write_flag", 0 0, v0x55e83f39eae0_0;  1 drivers
E_0x55e83f37df70 .event posedge, v0x55e83f39dfa0_0;
    .scope S_0x55e83f339cf0;
T_0 ;
    %wait E_0x55e83f37dfb0;
    %pushi/vec4 0, 0, 32;
    %store/vec4 v0x55e83f39d510_0, 0, 32;
    %pushi/vec4 0, 0, 32;
    %store/vec4 v0x55e83f39d5f0_0, 0, 32;
    %pushi/vec4 0, 0, 32;
    %store/vec4 v0x55e83f39d130_0, 0, 32;
    %pushi/vec4 0, 0, 32;
    %store/vec4 v0x55e83f39d430_0, 0, 32;
    %pushi/vec4 0, 0, 32;
    %store/vec4 v0x55e83f39d220_0, 0, 32;
T_0.0 ;
    %load/vec4 v0x55e83f39d220_0;
    %cmpi/s 8, 0, 32;
    %jmp/0xz T_0.1, 5;
    %load/vec4 v0x55e83f39d220_0;
    %pushi/vec4 2, 0, 32;
    %mod/s;
    %cmpi/e 0, 0, 32;
    %jmp/0xz  T_0.2, 4;
    %load/vec4 v0x55e83f39d510_0;
    %load/vec4 v0x55e83f3674a0_0;
    %load/vec4 v0x55e83f39d220_0;
    %part/s 1;
    %pad/u 32;
    %add;
    %store/vec4 v0x55e83f39d510_0, 0, 32;
    %load/vec4 v0x55e83f39d130_0;
    %addi 1, 0, 32;
    %store/vec4 v0x55e83f39d130_0, 0, 32;
    %jmp T_0.3;
T_0.2 ;
    %load/vec4 v0x55e83f39d5f0_0;
    %load/vec4 v0x55e83f3674a0_0;
    %load/vec4 v0x55e83f39d220_0;
    %part/s 1;
    %pad/u 32;
    %add;
    %store/vec4 v0x55e83f39d5f0_0, 0, 32;
    %load/vec4 v0x55e83f39d430_0;
    %addi 1, 0, 32;
    %store/vec4 v0x55e83f39d430_0, 0, 32;
T_0.3 ;
    %load/vec4 v0x55e83f39d220_0;
    %addi 1, 0, 32;
    %store/vec4 v0x55e83f39d220_0, 0, 32;
    %jmp T_0.0;
T_0.1 ;
    %load/vec4 v0x55e83f39d130_0;
    %load/vec4 v0x55e83f39d510_0;
    %sub;
    %load/vec4 v0x55e83f39d430_0;
    %load/vec4 v0x55e83f39d5f0_0;
    %sub;
    %sub;
    %pushi/vec4 3, 0, 32;
    %mod/s;
    %store/vec4 v0x55e83f39d300_0, 0, 32;
    %load/vec4 v0x55e83f3674a0_0;
    %parti/s 1, 7, 4;
    %pad/u 32;
    %pushi/vec4 0, 0, 32;
    %cmp/e;
    %flag_get/vec4 4;
    %load/vec4 v0x55e83f39d510_0;
    %load/vec4 v0x55e83f39d5f0_0;
    %sub;
    %pushi/vec4 3, 0, 32;
    %mod/s;
    %pushi/vec4 0, 0, 32;
    %cmp/e;
    %flag_get/vec4 4;
    %and;
    %flag_set/vec4 8;
    %load/vec4 v0x55e83f3674a0_0;
    %parti/s 1, 7, 4;
    %pad/u 32;
    %pushi/vec4 1, 0, 32;
    %cmp/e;
    %flag_get/vec4 4;
    %load/vec4 v0x55e83f39d300_0;
    %pushi/vec4 4294967295, 0, 32;
    %cmp/e;
    %flag_get/vec4 4;
    %load/vec4 v0x55e83f39d300_0;
    %pushi/vec4 2, 0, 32;
    %cmp/e;
    %flag_get/vec4 4;
    %or;
    %and;
    %flag_set/vec4 9;
    %flag_or 9, 8;
    %jmp/0xz  T_0.4, 9;
    %pushi/vec4 1, 0, 1;
    %assign/vec4 v0x55e83f39d070_0, 0;
    %jmp T_0.5;
T_0.4 ;
    %pushi/vec4 0, 0, 1;
    %assign/vec4 v0x55e83f39d070_0, 0;
T_0.5 ;
    %jmp T_0;
    .thread T_0, $push;
    .scope S_0x55e83f383240;
T_1 ;
    %vpi_call 2 14 "$dumpvars" {0 0 0};
    %end;
    .thread T_1;
    .scope S_0x55e83f383240;
T_2 ;
    %pushi/vec4 3, 0, 8;
    %store/vec4 v0x55e83f39d730_0, 0, 8;
    %delay 10, 0;
    %pushi/vec4 6, 0, 8;
    %store/vec4 v0x55e83f39d730_0, 0, 8;
    %delay 10, 0;
    %pushi/vec4 253, 0, 8;
    %store/vec4 v0x55e83f39d730_0, 0, 8;
    %delay 10, 0;
    %pushi/vec4 250, 0, 8;
    %store/vec4 v0x55e83f39d730_0, 0, 8;
    %delay 10, 0;
    %pushi/vec4 1, 0, 8;
    %store/vec4 v0x55e83f39d730_0, 0, 8;
    %delay 10, 0;
    %pushi/vec4 255, 0, 8;
    %store/vec4 v0x55e83f39d730_0, 0, 8;
    %delay 10, 0;
    %pushi/vec4 4, 0, 8;
    %store/vec4 v0x55e83f39d730_0, 0, 8;
    %delay 10, 0;
    %pushi/vec4 252, 0, 8;
    %store/vec4 v0x55e83f39d730_0, 0, 8;
    %delay 10, 0;
    %vpi_call 2 42 "$finish" {0 0 0};
    %end;
    .thread T_2;
    .scope S_0x55e83f39d8c0;
T_3 ;
    %wait E_0x55e83f37df70;
    %load/vec4 v0x55e83f39e400_0;
    %flag_set/vec4 8;
    %jmp/0xz  T_3.0, 8;
    %load/vec4 v0x55e83f39e070_0;
    %load/vec4 v0x55e83f39dec0_0;
    %pad/u 4;
    %ix/vec4 3;
    %ix/load 4, 0, 0; Constant delay
    %assign/vec4/a/d v0x55e83f39e280, 0, 4;
T_3.0 ;
    %jmp T_3;
    .thread T_3;
    .scope S_0x55e83f39d8c0;
T_4 ;
    %wait E_0x55e83f37df70;
    %load/vec4 v0x55e83f39e340_0;
    %flag_set/vec4 8;
    %jmp/0xz  T_4.0, 8;
    %load/vec4 v0x55e83f39ddc0_0;
    %pad/u 4;
    %ix/vec4 4;
    %load/vec4a v0x55e83f39e280, 4;
    %assign/vec4 v0x55e83f39e150_0, 0;
T_4.0 ;
    %jmp T_4;
    .thread T_4;
    .scope S_0x55e83f383470;
T_5 ;
    %pushi/vec4 0, 0, 1;
    %store/vec4 v0x55e83f39e750_0, 0, 1;
T_5.0 ;
    %delay 5, 0;
    %load/vec4 v0x55e83f39e750_0;
    %inv;
    %store/vec4 v0x55e83f39e750_0, 0, 1;
    %jmp T_5.0;
    %end;
    .thread T_5;
    .scope S_0x55e83f383470;
T_6 ;
    %vpi_call 4 25 "$dumpvars" {0 0 0};
    %end;
    .thread T_6;
    .scope S_0x55e83f383470;
T_7 ;
    %pushi/vec4 0, 0, 1;
    %store/vec4 v0x55e83f39eae0_0, 0, 1;
    %pushi/vec4 0, 0, 1;
    %store/vec4 v0x55e83f39ea10_0, 0, 1;
    %pushi/vec4 0, 0, 10;
    %store/vec4 v0x55e83f39e850_0, 0, 10;
    %pushi/vec4 0, 0, 3;
    %store/vec4 v0x55e83f39e680_0, 0, 3;
    %pushi/vec4 0, 0, 3;
    %store/vec4 v0x55e83f39e5a0_0, 0, 3;
    %delay 10, 0;
    %pushi/vec4 1, 0, 1;
    %store/vec4 v0x55e83f39eae0_0, 0, 1;
    %pushi/vec4 291, 0, 10;
    %store/vec4 v0x55e83f39e850_0, 0, 10;
    %pushi/vec4 0, 0, 3;
    %store/vec4 v0x55e83f39e680_0, 0, 3;
    %delay 10, 0;
    %pushi/vec4 0, 0, 1;
    %store/vec4 v0x55e83f39eae0_0, 0, 1;
    %pushi/vec4 1, 0, 1;
    %store/vec4 v0x55e83f39ea10_0, 0, 1;
    %pushi/vec4 0, 0, 3;
    %store/vec4 v0x55e83f39e5a0_0, 0, 3;
    %delay 10, 0;
    %pushi/vec4 1, 0, 1;
    %store/vec4 v0x55e83f39eae0_0, 0, 1;
    %pushi/vec4 1, 0, 1;
    %store/vec4 v0x55e83f39ea10_0, 0, 1;
    %pushi/vec4 188, 0, 10;
    %store/vec4 v0x55e83f39e850_0, 0, 10;
    %pushi/vec4 1, 0, 3;
    %store/vec4 v0x55e83f39e680_0, 0, 3;
    %pushi/vec4 1, 0, 3;
    %store/vec4 v0x55e83f39e5a0_0, 0, 3;
    %delay 10, 0;
    %pushi/vec4 0, 0, 1;
    %store/vec4 v0x55e83f39eae0_0, 0, 1;
    %pushi/vec4 1, 0, 1;
    %store/vec4 v0x55e83f39ea10_0, 0, 1;
    %delay 10, 0;
    %pushi/vec4 0, 0, 1;
    %store/vec4 v0x55e83f39ea10_0, 0, 1;
    %delay 10, 0;
    %pushi/vec4 1, 0, 1;
    %store/vec4 v0x55e83f39eae0_0, 0, 1;
    %pushi/vec4 1, 0, 1;
    %store/vec4 v0x55e83f39ea10_0, 0, 1;
    %pushi/vec4 223, 0, 10;
    %store/vec4 v0x55e83f39e850_0, 0, 10;
    %pushi/vec4 2, 0, 3;
    %store/vec4 v0x55e83f39e680_0, 0, 3;
    %pushi/vec4 3, 0, 3;
    %store/vec4 v0x55e83f39e5a0_0, 0, 3;
    %delay 20, 0;
    %vpi_call 4 67 "$finish" {0 0 0};
    %end;
    .thread T_7;
# The file index is used to find the file name in the following table.
:file_names 6;
    "N/A";
    "<interactive>";
    "./file_1_tb.v";
    "./file_1.v";
    "./file_2_tb.v";
    "./file_2.v";
